[2022-02-19 01:50:52] local.ERROR: There are no commands defined in the ",ake" namespace.

Did you mean this?
    make {"exception":"[object] (Symfony\\Component\\Console\\Exception\\NamespaceNotFoundException(code: 0): There are no commands defined in the \",ake\" namespace.

Did you mean this?
    make at /opt/lampp/htdocs/2022A/apilaravel/vendor/symfony/console/Application.php:613)
[stacktrace]
#0 /opt/lampp/htdocs/2022A/apilaravel/vendor/symfony/console/Application.php(664): Symfony\\Component\\Console\\Application->findNamespace(',ake')
#1 /opt/lampp/htdocs/2022A/apilaravel/vendor/symfony/console/Application.php(259): Symfony\\Component\\Console\\Application->find(',ake:controller')
#2 /opt/lampp/htdocs/2022A/apilaravel/vendor/symfony/console/Application.php(171): Symfony\\Component\\Console\\Application->doRun(Object(Symfony\\Component\\Console\\Input\\ArgvInput), Object(Symfony\\Component\\Console\\Output\\ConsoleOutput))
#3 /opt/lampp/htdocs/2022A/apilaravel/vendor/laravel/framework/src/Illuminate/Console/Application.php(102): Symfony\\Component\\Console\\Application->run(Object(Symfony\\Component\\Console\\Input\\ArgvInput), Object(Symfony\\Component\\Console\\Output\\ConsoleOutput))
#4 /opt/lampp/htdocs/2022A/apilaravel/vendor/laravel/framework/src/Illuminate/Foundation/Console/Kernel.php(129): Illuminate\\Console\\Application->run(Object(Symfony\\Component\\Console\\Input\\ArgvInput), Object(Symfony\\Component\\Console\\Output\\ConsoleOutput))
#5 /opt/lampp/htdocs/2022A/apilaravel/artisan(37): Illuminate\\Foundation\\Console\\Kernel->handle(Object(Symfony\\Component\\Console\\Input\\ArgvInput), Object(Symfony\\Component\\Console\\Output\\ConsoleOutput))
#6 {main}
"} 
[2022-02-19 01:51:07] local.ERROR: The "--resourse" option does not exist. {"exception":"[object] (Symfony\\Component\\Console\\Exception\\RuntimeException(code: 0): The \"--resourse\" option does not exist. at /opt/lampp/htdocs/2022A/apilaravel/vendor/symfony/console/Input/ArgvInput.php:220)
[stacktrace]
#0 /opt/lampp/htdocs/2022A/apilaravel/vendor/symfony/console/Input/ArgvInput.php(149): Symfony\\Component\\Console\\Input\\ArgvInput->addLongOption('resourse', NULL)
#1 /opt/lampp/htdocs/2022A/apilaravel/vendor/symfony/console/Input/ArgvInput.php(82): Symfony\\Component\\Console\\Input\\ArgvInput->parseLongOption('--resourse')
#2 /opt/lampp/htdocs/2022A/apilaravel/vendor/symfony/console/Input/ArgvInput.php(71): Symfony\\Component\\Console\\Input\\ArgvInput->parseToken('--resourse', true)
#3 /opt/lampp/htdocs/2022A/apilaravel/vendor/symfony/console/Input/Input.php(55): Symfony\\Component\\Console\\Input\\ArgvInput->parse()
#4 /opt/lampp/htdocs/2022A/apilaravel/vendor/symfony/console/Command/Command.php(250): Symfony\\Component\\Console\\Input\\Input->bind(Object(Symfony\\Component\\Console\\Input\\InputDefinition))
#5 /opt/lampp/htdocs/2022A/apilaravel/vendor/laravel/framework/src/Illuminate/Console/Command.php(121): Symfony\\Component\\Console\\Command\\Command->run(Object(Symfony\\Component\\Console\\Input\\ArgvInput), Object(Illuminate\\Console\\OutputStyle))
#6 /opt/lampp/htdocs/2022A/apilaravel/vendor/symfony/console/Application.php(989): Illuminate\\Console\\Command->run(Object(Symfony\\Component\\Console\\Input\\ArgvInput), Object(Symfony\\Component\\Console\\Output\\ConsoleOutput))
#7 /opt/lampp/htdocs/2022A/apilaravel/vendor/symfony/console/Application.php(299): Symfony\\Component\\Console\\Application->doRunCommand(Object(Illuminate\\Routing\\Console\\ControllerMakeCommand), Object(Symfony\\Component\\Console\\Input\\ArgvInput), Object(Symfony\\Component\\Console\\Output\\ConsoleOutput))
#8 /opt/lampp/htdocs/2022A/apilaravel/vendor/symfony/console/Application.php(171): Symfony\\Component\\Console\\Application->doRun(Object(Symfony\\Component\\Console\\Input\\ArgvInput), Object(Symfony\\Component\\Console\\Output\\ConsoleOutput))
#9 /opt/lampp/htdocs/2022A/apilaravel/vendor/laravel/framework/src/Illuminate/Console/Application.php(102): Symfony\\Component\\Console\\Application->run(Object(Symfony\\Component\\Console\\Input\\ArgvInput), Object(Symfony\\Component\\Console\\Output\\ConsoleOutput))
#10 /opt/lampp/htdocs/2022A/apilaravel/vendor/laravel/framework/src/Illuminate/Foundation/Console/Kernel.php(129): Illuminate\\Console\\Application->run(Object(Symfony\\Component\\Console\\Input\\ArgvInput), Object(Symfony\\Component\\Console\\Output\\ConsoleOutput))
#11 /opt/lampp/htdocs/2022A/apilaravel/artisan(37): Illuminate\\Foundation\\Console\\Kernel->handle(Object(Symfony\\Component\\Console\\Input\\ArgvInput), Object(Symfony\\Component\\Console\\Output\\ConsoleOutput))
#12 {main}
"} 
[2022-02-24 01:14:23] local.ERROR: The /opt/lampp/htdocs/2022A/apilaravel/bootstrap/cache directory must be present and writable. {"exception":"[object] (Exception(code: 0): The /opt/lampp/htdocs/2022A/apilaravel/bootstrap/cache directory must be present and writable. at /opt/lampp/htdocs/2022A/apilaravel/vendor/laravel/framework/src/Illuminate/Foundation/ProviderRepository.php:190)
[stacktrace]
#0 /opt/lampp/htdocs/2022A/apilaravel/vendor/laravel/framework/src/Illuminate/Foundation/ProviderRepository.php(165): Illuminate\\Foundation\\ProviderRepository->writeManifest(Array)
#1 /opt/lampp/htdocs/2022A/apilaravel/vendor/laravel/framework/src/Illuminate/Foundation/ProviderRepository.php(61): Illuminate\\Foundation\\ProviderRepository->compileManifest(Array)
#2 /opt/lampp/htdocs/2022A/apilaravel/vendor/laravel/framework/src/Illuminate/Foundation/Application.php(663): Illuminate\\Foundation\\ProviderRepository->load(Array)
#3 /opt/lampp/htdocs/2022A/apilaravel/vendor/laravel/framework/src/Illuminate/Foundation/Bootstrap/RegisterProviders.php(17): Illuminate\\Foundation\\Application->registerConfiguredProviders()
#4 /opt/lampp/htdocs/2022A/apilaravel/vendor/laravel/framework/src/Illuminate/Foundation/Application.php(239): Illuminate\\Foundation\\Bootstrap\\RegisterProviders->bootstrap(Object(Illuminate\\Foundation\\Application))
#5 /opt/lampp/htdocs/2022A/apilaravel/vendor/laravel/framework/src/Illuminate/Foundation/Http/Kernel.php(153): Illuminate\\Foundation\\Application->bootstrapWith(Array)
#6 /opt/lampp/htdocs/2022A/apilaravel/vendor/laravel/framework/src/Illuminate/Foundation/Http/Kernel.php(137): Illuminate\\Foundation\\Http\\Kernel->bootstrap()
#7 /opt/lampp/htdocs/2022A/apilaravel/vendor/laravel/framework/src/Illuminate/Foundation/Http/Kernel.php(111): Illuminate\\Foundation\\Http\\Kernel->sendRequestThroughRouter(Object(Illuminate\\Http\\Request))
#8 /opt/lampp/htdocs/2022A/apilaravel/public/index.php(52): Illuminate\\Foundation\\Http\\Kernel->handle(Object(Illuminate\\Http\\Request))
#9 {main}
"} 
[2022-02-24 01:14:25] local.ERROR: The /opt/lampp/htdocs/2022A/apilaravel/bootstrap/cache directory must be present and writable. {"exception":"[object] (Exception(code: 0): The /opt/lampp/htdocs/2022A/apilaravel/bootstrap/cache directory must be present and writable. at /opt/lampp/htdocs/2022A/apilaravel/vendor/laravel/framework/src/Illuminate/Foundation/ProviderRepository.php:190)
[stacktrace]
#0 /opt/lampp/htdocs/2022A/apilaravel/vendor/laravel/framework/src/Illuminate/Foundation/ProviderRepository.php(165): Illuminate\\Foundation\\ProviderRepository->writeManifest(Array)
#1 /opt/lampp/htdocs/2022A/apilaravel/vendor/laravel/framework/src/Illuminate/Foundation/ProviderRepository.php(61): Illuminate\\Foundation\\ProviderRepository->compileManifest(Array)
#2 /opt/lampp/htdocs/2022A/apilaravel/vendor/laravel/framework/src/Illuminate/Foundation/Application.php(663): Illuminate\\Foundation\\ProviderRepository->load(Array)
#3 /opt/lampp/htdocs/2022A/apilaravel/vendor/laravel/framework/src/Illuminate/Foundation/Bootstrap/RegisterProviders.php(17): Illuminate\\Foundation\\Application->registerConfiguredProviders()
#4 /opt/lampp/htdocs/2022A/apilaravel/vendor/laravel/framework/src/Illuminate/Foundation/Application.php(239): Illuminate\\Foundation\\Bootstrap\\RegisterProviders->bootstrap(Object(Illuminate\\Foundation\\Application))
#5 /opt/lampp/htdocs/2022A/apilaravel/vendor/laravel/framework/src/Illuminate/Foundation/Http/Kernel.php(153): Illuminate\\Foundation\\Application->bootstrapWith(Array)
#6 /opt/lampp/htdocs/2022A/apilaravel/vendor/laravel/framework/src/Illuminate/Foundation/Http/Kernel.php(137): Illuminate\\Foundation\\Http\\Kernel->bootstrap()
#7 /opt/lampp/htdocs/2022A/apilaravel/vendor/laravel/framework/src/Illuminate/Foundation/Http/Kernel.php(111): Illuminate\\Foundation\\Http\\Kernel->sendRequestThroughRouter(Object(Illuminate\\Http\\Request))
#8 /opt/lampp/htdocs/2022A/apilaravel/public/index.php(52): Illuminate\\Foundation\\Http\\Kernel->handle(Object(Illuminate\\Http\\Request))
#9 {main}
"} 
[2022-02-24 01:15:48] local.ERROR: The /opt/lampp/htdocs/2022A/apilaravel/bootstrap/cache directory must be present and writable. {"exception":"[object] (Exception(code: 0): The /opt/lampp/htdocs/2022A/apilaravel/bootstrap/cache directory must be present and writable. at /opt/lampp/htdocs/2022A/apilaravel/vendor/laravel/framework/src/Illuminate/Foundation/ProviderRepository.php:190)
[stacktrace]
#0 /opt/lampp/htdocs/2022A/apilaravel/vendor/laravel/framework/src/Illuminate/Foundation/ProviderRepository.php(165): Illuminate\\Foundation\\ProviderRepository->writeManifest(Array)
#1 /opt/lampp/htdocs/2022A/apilaravel/vendor/laravel/framework/src/Illuminate/Foundation/ProviderRepository.php(61): Illuminate\\Foundation\\ProviderRepository->compileManifest(Array)
#2 /opt/lampp/htdocs/2022A/apilaravel/vendor/laravel/framework/src/Illuminate/Foundation/Application.php(663): Illuminate\\Foundation\\ProviderRepository->load(Array)
#3 /opt/lampp/htdocs/2022A/apilaravel/vendor/laravel/framework/src/Illuminate/Foundation/Bootstrap/RegisterProviders.php(17): Illuminate\\Foundation\\Application->registerConfiguredProviders()
#4 /opt/lampp/htdocs/2022A/apilaravel/vendor/laravel/framework/src/Illuminate/Foundation/Application.php(239): Illuminate\\Foundation\\Bootstrap\\RegisterProviders->bootstrap(Object(Illuminate\\Foundation\\Application))
#5 /opt/lampp/htdocs/2022A/apilaravel/vendor/laravel/framework/src/Illuminate/Foundation/Http/Kernel.php(153): Illuminate\\Foundation\\Application->bootstrapWith(Array)
#6 /opt/lampp/htdocs/2022A/apilaravel/vendor/laravel/framework/src/Illuminate/Foundation/Http/Kernel.php(137): Illuminate\\Foundation\\Http\\Kernel->bootstrap()
#7 /opt/lampp/htdocs/2022A/apilaravel/vendor/laravel/framework/src/Illuminate/Foundation/Http/Kernel.php(111): Illuminate\\Foundation\\Http\\Kernel->sendRequestThroughRouter(Object(Illuminate\\Http\\Request))
#8 /opt/lampp/htdocs/2022A/apilaravel/public/index.php(52): Illuminate\\Foundation\\Http\\Kernel->handle(Object(Illuminate\\Http\\Request))
#9 {main}
"} 
[2022-02-24 01:15:49] local.ERROR: The /opt/lampp/htdocs/2022A/apilaravel/bootstrap/cache directory must be present and writable. {"exception":"[object] (Exception(code: 0): The /opt/lampp/htdocs/2022A/apilaravel/bootstrap/cache directory must be present and writable. at /opt/lampp/htdocs/2022A/apilaravel/vendor/laravel/framework/src/Illuminate/Foundation/ProviderRepository.php:190)
[stacktrace]
#0 /opt/lampp/htdocs/2022A/apilaravel/vendor/laravel/framework/src/Illuminate/Foundation/ProviderRepository.php(165): Illuminate\\Foundation\\ProviderRepository->writeManifest(Array)
#1 /opt/lampp/htdocs/2022A/apilaravel/vendor/laravel/framework/src/Illuminate/Foundation/ProviderRepository.php(61): Illuminate\\Foundation\\ProviderRepository->compileManifest(Array)
#2 /opt/lampp/htdocs/2022A/apilaravel/vendor/laravel/framework/src/Illuminate/Foundation/Application.php(663): Illuminate\\Foundation\\ProviderRepository->load(Array)
#3 /opt/lampp/htdocs/2022A/apilaravel/vendor/laravel/framework/src/Illuminate/Foundation/Bootstrap/RegisterProviders.php(17): Illuminate\\Foundation\\Application->registerConfiguredProviders()
#4 /opt/lampp/htdocs/2022A/apilaravel/vendor/laravel/framework/src/Illuminate/Foundation/Application.php(239): Illuminate\\Foundation\\Bootstrap\\RegisterProviders->bootstrap(Object(Illuminate\\Foundation\\Application))
#5 /opt/lampp/htdocs/2022A/apilaravel/vendor/laravel/framework/src/Illuminate/Foundation/Http/Kernel.php(153): Illuminate\\Foundation\\Application->bootstrapWith(Array)
#6 /opt/lampp/htdocs/2022A/apilaravel/vendor/laravel/framework/src/Illuminate/Foundation/Http/Kernel.php(137): Illuminate\\Foundation\\Http\\Kernel->bootstrap()
#7 /opt/lampp/htdocs/2022A/apilaravel/vendor/laravel/framework/src/Illuminate/Foundation/Http/Kernel.php(111): Illuminate\\Foundation\\Http\\Kernel->sendRequestThroughRouter(Object(Illuminate\\Http\\Request))
#8 /opt/lampp/htdocs/2022A/apilaravel/public/index.php(52): Illuminate\\Foundation\\Http\\Kernel->handle(Object(Illuminate\\Http\\Request))
#9 {main}
"} 
[2022-02-24 01:15:49] local.ERROR: The /opt/lampp/htdocs/2022A/apilaravel/bootstrap/cache directory must be present and writable. {"exception":"[object] (Exception(code: 0): The /opt/lampp/htdocs/2022A/apilaravel/bootstrap/cache directory must be present and writable. at /opt/lampp/htdocs/2022A/apilaravel/vendor/laravel/framework/src/Illuminate/Foundation/ProviderRepository.php:190)
[stacktrace]
#0 /opt/lampp/htdocs/2022A/apilaravel/vendor/laravel/framework/src/Illuminate/Foundation/ProviderRepository.php(165): Illuminate\\Foundation\\ProviderRepository->writeManifest(Array)
#1 /opt/lampp/htdocs/2022A/apilaravel/vendor/laravel/framework/src/Illuminate/Foundation/ProviderRepository.php(61): Illuminate\\Foundation\\ProviderRepository->compileManifest(Array)
#2 /opt/lampp/htdocs/2022A/apilaravel/vendor/laravel/framework/src/Illuminate/Foundation/Application.php(663): Illuminate\\Foundation\\ProviderRepository->load(Array)
#3 /opt/lampp/htdocs/2022A/apilaravel/vendor/laravel/framework/src/Illuminate/Foundation/Bootstrap/RegisterProviders.php(17): Illuminate\\Foundation\\Application->registerConfiguredProviders()
#4 /opt/lampp/htdocs/2022A/apilaravel/vendor/laravel/framework/src/Illuminate/Foundation/Application.php(239): Illuminate\\Foundation\\Bootstrap\\RegisterProviders->bootstrap(Object(Illuminate\\Foundation\\Application))
#5 /opt/lampp/htdocs/2022A/apilaravel/vendor/laravel/framework/src/Illuminate/Foundation/Http/Kernel.php(153): Illuminate\\Foundation\\Application->bootstrapWith(Array)
#6 /opt/lampp/htdocs/2022A/apilaravel/vendor/laravel/framework/src/Illuminate/Foundation/Http/Kernel.php(137): Illuminate\\Foundation\\Http\\Kernel->bootstrap()
#7 /opt/lampp/htdocs/2022A/apilaravel/vendor/laravel/framework/src/Illuminate/Foundation/Http/Kernel.php(111): Illuminate\\Foundation\\Http\\Kernel->sendRequestThroughRouter(Object(Illuminate\\Http\\Request))
#8 /opt/lampp/htdocs/2022A/apilaravel/public/index.php(52): Illuminate\\Foundation\\Http\\Kernel->handle(Object(Illuminate\\Http\\Request))
#9 {main}
"} 
[2022-02-24 01:15:49] local.ERROR: The /opt/lampp/htdocs/2022A/apilaravel/bootstrap/cache directory must be present and writable. {"exception":"[object] (Exception(code: 0): The /opt/lampp/htdocs/2022A/apilaravel/bootstrap/cache directory must be present and writable. at /opt/lampp/htdocs/2022A/apilaravel/vendor/laravel/framework/src/Illuminate/Foundation/ProviderRepository.php:190)
[stacktrace]
#0 /opt/lampp/htdocs/2022A/apilaravel/vendor/laravel/framework/src/Illuminate/Foundation/ProviderRepository.php(165): Illuminate\\Foundation\\ProviderRepository->writeManifest(Array)
#1 /opt/lampp/htdocs/2022A/apilaravel/vendor/laravel/framework/src/Illuminate/Foundation/ProviderRepository.php(61): Illuminate\\Foundation\\ProviderRepository->compileManifest(Array)
#2 /opt/lampp/htdocs/2022A/apilaravel/vendor/laravel/framework/src/Illuminate/Foundation/Application.php(663): Illuminate\\Foundation\\ProviderRepository->load(Array)
#3 /opt/lampp/htdocs/2022A/apilaravel/vendor/laravel/framework/src/Illuminate/Foundation/Bootstrap/RegisterProviders.php(17): Illuminate\\Foundation\\Application->registerConfiguredProviders()
#4 /opt/lampp/htdocs/2022A/apilaravel/vendor/laravel/framework/src/Illuminate/Foundation/Application.php(239): Illuminate\\Foundation\\Bootstrap\\RegisterProviders->bootstrap(Object(Illuminate\\Foundation\\Application))
#5 /opt/lampp/htdocs/2022A/apilaravel/vendor/laravel/framework/src/Illuminate/Foundation/Http/Kernel.php(153): Illuminate\\Foundation\\Application->bootstrapWith(Array)
#6 /opt/lampp/htdocs/2022A/apilaravel/vendor/laravel/framework/src/Illuminate/Foundation/Http/Kernel.php(137): Illuminate\\Foundation\\Http\\Kernel->bootstrap()
#7 /opt/lampp/htdocs/2022A/apilaravel/vendor/laravel/framework/src/Illuminate/Foundation/Http/Kernel.php(111): Illuminate\\Foundation\\Http\\Kernel->sendRequestThroughRouter(Object(Illuminate\\Http\\Request))
#8 /opt/lampp/htdocs/2022A/apilaravel/public/index.php(52): Illuminate\\Foundation\\Http\\Kernel->handle(Object(Illuminate\\Http\\Request))
#9 {main}
"} 
[2022-02-24 01:15:49] local.ERROR: The /opt/lampp/htdocs/2022A/apilaravel/bootstrap/cache directory must be present and writable. {"exception":"[object] (Exception(code: 0): The /opt/lampp/htdocs/2022A/apilaravel/bootstrap/cache directory must be present and writable. at /opt/lampp/htdocs/2022A/apilaravel/vendor/laravel/framework/src/Illuminate/Foundation/ProviderRepository.php:190)
[stacktrace]
#0 /opt/lampp/htdocs/2022A/apilaravel/vendor/laravel/framework/src/Illuminate/Foundation/ProviderRepository.php(165): Illuminate\\Foundation\\ProviderRepository->writeManifest(Array)
#1 /opt/lampp/htdocs/2022A/apilaravel/vendor/laravel/framework/src/Illuminate/Foundation/ProviderRepository.php(61): Illuminate\\Foundation\\ProviderRepository->compileManifest(Array)
#2 /opt/lampp/htdocs/2022A/apilaravel/vendor/laravel/framework/src/Illuminate/Foundation/Application.php(663): Illuminate\\Foundation\\ProviderRepository->load(Array)
#3 /opt/lampp/htdocs/2022A/apilaravel/vendor/laravel/framework/src/Illuminate/Foundation/Bootstrap/RegisterProviders.php(17): Illuminate\\Foundation\\Application->registerConfiguredProviders()
#4 /opt/lampp/htdocs/2022A/apilaravel/vendor/laravel/framework/src/Illuminate/Foundation/Application.php(239): Illuminate\\Foundation\\Bootstrap\\RegisterProviders->bootstrap(Object(Illuminate\\Foundation\\Application))
#5 /opt/lampp/htdocs/2022A/apilaravel/vendor/laravel/framework/src/Illuminate/Foundation/Http/Kernel.php(153): Illuminate\\Foundation\\Application->bootstrapWith(Array)
#6 /opt/lampp/htdocs/2022A/apilaravel/vendor/laravel/framework/src/Illuminate/Foundation/Http/Kernel.php(137): Illuminate\\Foundation\\Http\\Kernel->bootstrap()
#7 /opt/lampp/htdocs/2022A/apilaravel/vendor/laravel/framework/src/Illuminate/Foundation/Http/Kernel.php(111): Illuminate\\Foundation\\Http\\Kernel->sendRequestThroughRouter(Object(Illuminate\\Http\\Request))
#8 /opt/lampp/htdocs/2022A/apilaravel/public/index.php(52): Illuminate\\Foundation\\Http\\Kernel->handle(Object(Illuminate\\Http\\Request))
#9 {main}
"} 
[2022-02-24 01:15:50] local.ERROR: The /opt/lampp/htdocs/2022A/apilaravel/bootstrap/cache directory must be present and writable. {"exception":"[object] (Exception(code: 0): The /opt/lampp/htdocs/2022A/apilaravel/bootstrap/cache directory must be present and writable. at /opt/lampp/htdocs/2022A/apilaravel/vendor/laravel/framework/src/Illuminate/Foundation/ProviderRepository.php:190)
[stacktrace]
#0 /opt/lampp/htdocs/2022A/apilaravel/vendor/laravel/framework/src/Illuminate/Foundation/ProviderRepository.php(165): Illuminate\\Foundation\\ProviderRepository->writeManifest(Array)
#1 /opt/lampp/htdocs/2022A/apilaravel/vendor/laravel/framework/src/Illuminate/Foundation/ProviderRepository.php(61): Illuminate\\Foundation\\ProviderRepository->compileManifest(Array)
#2 /opt/lampp/htdocs/2022A/apilaravel/vendor/laravel/framework/src/Illuminate/Foundation/Application.php(663): Illuminate\\Foundation\\ProviderRepository->load(Array)
#3 /opt/lampp/htdocs/2022A/apilaravel/vendor/laravel/framework/src/Illuminate/Foundation/Bootstrap/RegisterProviders.php(17): Illuminate\\Foundation\\Application->registerConfiguredProviders()
#4 /opt/lampp/htdocs/2022A/apilaravel/vendor/laravel/framework/src/Illuminate/Foundation/Application.php(239): Illuminate\\Foundation\\Bootstrap\\RegisterProviders->bootstrap(Object(Illuminate\\Foundation\\Application))
#5 /opt/lampp/htdocs/2022A/apilaravel/vendor/laravel/framework/src/Illuminate/Foundation/Http/Kernel.php(153): Illuminate\\Foundation\\Application->bootstrapWith(Array)
#6 /opt/lampp/htdocs/2022A/apilaravel/vendor/laravel/framework/src/Illuminate/Foundation/Http/Kernel.php(137): Illuminate\\Foundation\\Http\\Kernel->bootstrap()
#7 /opt/lampp/htdocs/2022A/apilaravel/vendor/laravel/framework/src/Illuminate/Foundation/Http/Kernel.php(111): Illuminate\\Foundation\\Http\\Kernel->sendRequestThroughRouter(Object(Illuminate\\Http\\Request))
#8 /opt/lampp/htdocs/2022A/apilaravel/public/index.php(52): Illuminate\\Foundation\\Http\\Kernel->handle(Object(Illuminate\\Http\\Request))
#9 {main}
"} 
[2022-02-24 01:15:53] local.ERROR: The /opt/lampp/htdocs/2022A/apilaravel/bootstrap/cache directory must be present and writable. {"exception":"[object] (Exception(code: 0): The /opt/lampp/htdocs/2022A/apilaravel/bootstrap/cache directory must be present and writable. at /opt/lampp/htdocs/2022A/apilaravel/vendor/laravel/framework/src/Illuminate/Foundation/ProviderRepository.php:190)
[stacktrace]
#0 /opt/lampp/htdocs/2022A/apilaravel/vendor/laravel/framework/src/Illuminate/Foundation/ProviderRepository.php(165): Illuminate\\Foundation\\ProviderRepository->writeManifest(Array)
#1 /opt/lampp/htdocs/2022A/apilaravel/vendor/laravel/framework/src/Illuminate/Foundation/ProviderRepository.php(61): Illuminate\\Foundation\\ProviderRepository->compileManifest(Array)
#2 /opt/lampp/htdocs/2022A/apilaravel/vendor/laravel/framework/src/Illuminate/Foundation/Application.php(663): Illuminate\\Foundation\\ProviderRepository->load(Array)
#3 /opt/lampp/htdocs/2022A/apilaravel/vendor/laravel/framework/src/Illuminate/Foundation/Bootstrap/RegisterProviders.php(17): Illuminate\\Foundation\\Application->registerConfiguredProviders()
#4 /opt/lampp/htdocs/2022A/apilaravel/vendor/laravel/framework/src/Illuminate/Foundation/Application.php(239): Illuminate\\Foundation\\Bootstrap\\RegisterProviders->bootstrap(Object(Illuminate\\Foundation\\Application))
#5 /opt/lampp/htdocs/2022A/apilaravel/vendor/laravel/framework/src/Illuminate/Foundation/Http/Kernel.php(153): Illuminate\\Foundation\\Application->bootstrapWith(Array)
#6 /opt/lampp/htdocs/2022A/apilaravel/vendor/laravel/framework/src/Illuminate/Foundation/Http/Kernel.php(137): Illuminate\\Foundation\\Http\\Kernel->bootstrap()
#7 /opt/lampp/htdocs/2022A/apilaravel/vendor/laravel/framework/src/Illuminate/Foundation/Http/Kernel.php(111): Illuminate\\Foundation\\Http\\Kernel->sendRequestThroughRouter(Object(Illuminate\\Http\\Request))
#8 /opt/lampp/htdocs/2022A/apilaravel/public/index.php(52): Illuminate\\Foundation\\Http\\Kernel->handle(Object(Illuminate\\Http\\Request))
#9 {main}
"} 
[2022-02-24 01:15:53] local.ERROR: The /opt/lampp/htdocs/2022A/apilaravel/bootstrap/cache directory must be present and writable. {"exception":"[object] (Exception(code: 0): The /opt/lampp/htdocs/2022A/apilaravel/bootstrap/cache directory must be present and writable. at /opt/lampp/htdocs/2022A/apilaravel/vendor/laravel/framework/src/Illuminate/Foundation/ProviderRepository.php:190)
[stacktrace]
#0 /opt/lampp/htdocs/2022A/apilaravel/vendor/laravel/framework/src/Illuminate/Foundation/ProviderRepository.php(165): Illuminate\\Foundation\\ProviderRepository->writeManifest(Array)
#1 /opt/lampp/htdocs/2022A/apilaravel/vendor/laravel/framework/src/Illuminate/Foundation/ProviderRepository.php(61): Illuminate\\Foundation\\ProviderRepository->compileManifest(Array)
#2 /opt/lampp/htdocs/2022A/apilaravel/vendor/laravel/framework/src/Illuminate/Foundation/Application.php(663): Illuminate\\Foundation\\ProviderRepository->load(Array)
#3 /opt/lampp/htdocs/2022A/apilaravel/vendor/laravel/framework/src/Illuminate/Foundation/Bootstrap/RegisterProviders.php(17): Illuminate\\Foundation\\Application->registerConfiguredProviders()
#4 /opt/lampp/htdocs/2022A/apilaravel/vendor/laravel/framework/src/Illuminate/Foundation/Application.php(239): Illuminate\\Foundation\\Bootstrap\\RegisterProviders->bootstrap(Object(Illuminate\\Foundation\\Application))
#5 /opt/lampp/htdocs/2022A/apilaravel/vendor/laravel/framework/src/Illuminate/Foundation/Http/Kernel.php(153): Illuminate\\Foundation\\Application->bootstrapWith(Array)
#6 /opt/lampp/htdocs/2022A/apilaravel/vendor/laravel/framework/src/Illuminate/Foundation/Http/Kernel.php(137): Illuminate\\Foundation\\Http\\Kernel->bootstrap()
#7 /opt/lampp/htdocs/2022A/apilaravel/vendor/laravel/framework/src/Illuminate/Foundation/Http/Kernel.php(111): Illuminate\\Foundation\\Http\\Kernel->sendRequestThroughRouter(Object(Illuminate\\Http\\Request))
#8 /opt/lampp/htdocs/2022A/apilaravel/public/index.php(52): Illuminate\\Foundation\\Http\\Kernel->handle(Object(Illuminate\\Http\\Request))
#9 {main}
"} 
[2022-02-24 01:15:53] local.ERROR: The /opt/lampp/htdocs/2022A/apilaravel/bootstrap/cache directory must be present and writable. {"exception":"[object] (Exception(code: 0): The /opt/lampp/htdocs/2022A/apilaravel/bootstrap/cache directory must be present and writable. at /opt/lampp/htdocs/2022A/apilaravel/vendor/laravel/framework/src/Illuminate/Foundation/ProviderRepository.php:190)
[stacktrace]
#0 /opt/lampp/htdocs/2022A/apilaravel/vendor/laravel/framework/src/Illuminate/Foundation/ProviderRepository.php(165): Illuminate\\Foundation\\ProviderRepository->writeManifest(Array)
#1 /opt/lampp/htdocs/2022A/apilaravel/vendor/laravel/framework/src/Illuminate/Foundation/ProviderRepository.php(61): Illuminate\\Foundation\\ProviderRepository->compileManifest(Array)
#2 /opt/lampp/htdocs/2022A/apilaravel/vendor/laravel/framework/src/Illuminate/Foundation/Application.php(663): Illuminate\\Foundation\\ProviderRepository->load(Array)
#3 /opt/lampp/htdocs/2022A/apilaravel/vendor/laravel/framework/src/Illuminate/Foundation/Bootstrap/RegisterProviders.php(17): Illuminate\\Foundation\\Application->registerConfiguredProviders()
#4 /opt/lampp/htdocs/2022A/apilaravel/vendor/laravel/framework/src/Illuminate/Foundation/Application.php(239): Illuminate\\Foundation\\Bootstrap\\RegisterProviders->bootstrap(Object(Illuminate\\Foundation\\Application))
#5 /opt/lampp/htdocs/2022A/apilaravel/vendor/laravel/framework/src/Illuminate/Foundation/Http/Kernel.php(153): Illuminate\\Foundation\\Application->bootstrapWith(Array)
#6 /opt/lampp/htdocs/2022A/apilaravel/vendor/laravel/framework/src/Illuminate/Foundation/Http/Kernel.php(137): Illuminate\\Foundation\\Http\\Kernel->bootstrap()
#7 /opt/lampp/htdocs/2022A/apilaravel/vendor/laravel/framework/src/Illuminate/Foundation/Http/Kernel.php(111): Illuminate\\Foundation\\Http\\Kernel->sendRequestThroughRouter(Object(Illuminate\\Http\\Request))
#8 /opt/lampp/htdocs/2022A/apilaravel/public/index.php(52): Illuminate\\Foundation\\Http\\Kernel->handle(Object(Illuminate\\Http\\Request))
#9 {main}
"} 
[2022-02-24 01:15:53] local.ERROR: The /opt/lampp/htdocs/2022A/apilaravel/bootstrap/cache directory must be present and writable. {"exception":"[object] (Exception(code: 0): The /opt/lampp/htdocs/2022A/apilaravel/bootstrap/cache directory must be present and writable. at /opt/lampp/htdocs/2022A/apilaravel/vendor/laravel/framework/src/Illuminate/Foundation/ProviderRepository.php:190)
[stacktrace]
#0 /opt/lampp/htdocs/2022A/apilaravel/vendor/laravel/framework/src/Illuminate/Foundation/ProviderRepository.php(165): Illuminate\\Foundation\\ProviderRepository->writeManifest(Array)
#1 /opt/lampp/htdocs/2022A/apilaravel/vendor/laravel/framework/src/Illuminate/Foundation/ProviderRepository.php(61): Illuminate\\Foundation\\ProviderRepository->compileManifest(Array)
#2 /opt/lampp/htdocs/2022A/apilaravel/vendor/laravel/framework/src/Illuminate/Foundation/Application.php(663): Illuminate\\Foundation\\ProviderRepository->load(Array)
#3 /opt/lampp/htdocs/2022A/apilaravel/vendor/laravel/framework/src/Illuminate/Foundation/Bootstrap/RegisterProviders.php(17): Illuminate\\Foundation\\Application->registerConfiguredProviders()
#4 /opt/lampp/htdocs/2022A/apilaravel/vendor/laravel/framework/src/Illuminate/Foundation/Application.php(239): Illuminate\\Foundation\\Bootstrap\\RegisterProviders->bootstrap(Object(Illuminate\\Foundation\\Application))
#5 /opt/lampp/htdocs/2022A/apilaravel/vendor/laravel/framework/src/Illuminate/Foundation/Http/Kernel.php(153): Illuminate\\Foundation\\Application->bootstrapWith(Array)
#6 /opt/lampp/htdocs/2022A/apilaravel/vendor/laravel/framework/src/Illuminate/Foundation/Http/Kernel.php(137): Illuminate\\Foundation\\Http\\Kernel->bootstrap()
#7 /opt/lampp/htdocs/2022A/apilaravel/vendor/laravel/framework/src/Illuminate/Foundation/Http/Kernel.php(111): Illuminate\\Foundation\\Http\\Kernel->sendRequestThroughRouter(Object(Illuminate\\Http\\Request))
#8 /opt/lampp/htdocs/2022A/apilaravel/public/index.php(52): Illuminate\\Foundation\\Http\\Kernel->handle(Object(Illuminate\\Http\\Request))
#9 {main}
"} 
[2022-02-24 01:16:57] local.ERROR: require_once(/opt/lampp/htdocs/2022A/apilaravel/app\Helpers\JwtAuth.php): Failed to open stream: No existe el archivo o el directorio {"exception":"[object] (ErrorException(code: 0): require_once(/opt/lampp/htdocs/2022A/apilaravel/app\\Helpers\\JwtAuth.php): Failed to open stream: No existe el archivo o el directorio at /opt/lampp/htdocs/2022A/apilaravel/app/Providers/JwtAuthServiceProvider.php:16)
[stacktrace]
#0 /opt/lampp/htdocs/2022A/apilaravel/vendor/laravel/framework/src/Illuminate/Foundation/Bootstrap/HandleExceptions.php(231): Illuminate\\Foundation\\Bootstrap\\HandleExceptions->handleError(2, 'require_once(/o...', '/opt/lampp/htdo...', 16)
#1 /opt/lampp/htdocs/2022A/apilaravel/app/Providers/JwtAuthServiceProvider.php(16): Illuminate\\Foundation\\Bootstrap\\HandleExceptions->Illuminate\\Foundation\\Bootstrap\\{closure}(2, 'require_once(/o...', '/opt/lampp/htdo...', 16)
#2 /opt/lampp/htdocs/2022A/apilaravel/app/Providers/JwtAuthServiceProvider.php(16): require_once('/opt/lampp/htdo...')
#3 /opt/lampp/htdocs/2022A/apilaravel/vendor/laravel/framework/src/Illuminate/Foundation/Application.php(686): App\\Providers\\JwtAuthServiceProvider->register()
#4 /opt/lampp/htdocs/2022A/apilaravel/vendor/laravel/framework/src/Illuminate/Foundation/ProviderRepository.php(75): Illuminate\\Foundation\\Application->register(Object(App\\Providers\\JwtAuthServiceProvider))
#5 /opt/lampp/htdocs/2022A/apilaravel/vendor/laravel/framework/src/Illuminate/Foundation/Application.php(663): Illuminate\\Foundation\\ProviderRepository->load(Array)
#6 /opt/lampp/htdocs/2022A/apilaravel/vendor/laravel/framework/src/Illuminate/Foundation/Bootstrap/RegisterProviders.php(17): Illuminate\\Foundation\\Application->registerConfiguredProviders()
#7 /opt/lampp/htdocs/2022A/apilaravel/vendor/laravel/framework/src/Illuminate/Foundation/Application.php(239): Illuminate\\Foundation\\Bootstrap\\RegisterProviders->bootstrap(Object(Illuminate\\Foundation\\Application))
#8 /opt/lampp/htdocs/2022A/apilaravel/vendor/laravel/framework/src/Illuminate/Foundation/Http/Kernel.php(153): Illuminate\\Foundation\\Application->bootstrapWith(Array)
#9 /opt/lampp/htdocs/2022A/apilaravel/vendor/laravel/framework/src/Illuminate/Foundation/Http/Kernel.php(137): Illuminate\\Foundation\\Http\\Kernel->bootstrap()
#10 /opt/lampp/htdocs/2022A/apilaravel/vendor/laravel/framework/src/Illuminate/Foundation/Http/Kernel.php(111): Illuminate\\Foundation\\Http\\Kernel->sendRequestThroughRouter(Object(Illuminate\\Http\\Request))
#11 /opt/lampp/htdocs/2022A/apilaravel/public/index.php(52): Illuminate\\Foundation\\Http\\Kernel->handle(Object(Illuminate\\Http\\Request))
#12 {main}
"} 
[2022-02-24 01:16:59] local.ERROR: require_once(/opt/lampp/htdocs/2022A/apilaravel/app\Helpers\JwtAuth.php): Failed to open stream: No existe el archivo o el directorio {"exception":"[object] (ErrorException(code: 0): require_once(/opt/lampp/htdocs/2022A/apilaravel/app\\Helpers\\JwtAuth.php): Failed to open stream: No existe el archivo o el directorio at /opt/lampp/htdocs/2022A/apilaravel/app/Providers/JwtAuthServiceProvider.php:16)
[stacktrace]
#0 /opt/lampp/htdocs/2022A/apilaravel/vendor/laravel/framework/src/Illuminate/Foundation/Bootstrap/HandleExceptions.php(231): Illuminate\\Foundation\\Bootstrap\\HandleExceptions->handleError(2, 'require_once(/o...', '/opt/lampp/htdo...', 16)
#1 /opt/lampp/htdocs/2022A/apilaravel/app/Providers/JwtAuthServiceProvider.php(16): Illuminate\\Foundation\\Bootstrap\\HandleExceptions->Illuminate\\Foundation\\Bootstrap\\{closure}(2, 'require_once(/o...', '/opt/lampp/htdo...', 16)
#2 /opt/lampp/htdocs/2022A/apilaravel/app/Providers/JwtAuthServiceProvider.php(16): require_once('/opt/lampp/htdo...')
#3 /opt/lampp/htdocs/2022A/apilaravel/vendor/laravel/framework/src/Illuminate/Foundation/Application.php(686): App\\Providers\\JwtAuthServiceProvider->register()
#4 /opt/lampp/htdocs/2022A/apilaravel/vendor/laravel/framework/src/Illuminate/Foundation/ProviderRepository.php(75): Illuminate\\Foundation\\Application->register(Object(App\\Providers\\JwtAuthServiceProvider))
#5 /opt/lampp/htdocs/2022A/apilaravel/vendor/laravel/framework/src/Illuminate/Foundation/Application.php(663): Illuminate\\Foundation\\ProviderRepository->load(Array)
#6 /opt/lampp/htdocs/2022A/apilaravel/vendor/laravel/framework/src/Illuminate/Foundation/Bootstrap/RegisterProviders.php(17): Illuminate\\Foundation\\Application->registerConfiguredProviders()
#7 /opt/lampp/htdocs/2022A/apilaravel/vendor/laravel/framework/src/Illuminate/Foundation/Application.php(239): Illuminate\\Foundation\\Bootstrap\\RegisterProviders->bootstrap(Object(Illuminate\\Foundation\\Application))
#8 /opt/lampp/htdocs/2022A/apilaravel/vendor/laravel/framework/src/Illuminate/Foundation/Http/Kernel.php(153): Illuminate\\Foundation\\Application->bootstrapWith(Array)
#9 /opt/lampp/htdocs/2022A/apilaravel/vendor/laravel/framework/src/Illuminate/Foundation/Http/Kernel.php(137): Illuminate\\Foundation\\Http\\Kernel->bootstrap()
#10 /opt/lampp/htdocs/2022A/apilaravel/vendor/laravel/framework/src/Illuminate/Foundation/Http/Kernel.php(111): Illuminate\\Foundation\\Http\\Kernel->sendRequestThroughRouter(Object(Illuminate\\Http\\Request))
#11 /opt/lampp/htdocs/2022A/apilaravel/public/index.php(52): Illuminate\\Foundation\\Http\\Kernel->handle(Object(Illuminate\\Http\\Request))
#12 {main}
"} 
[2022-02-24 01:17:37] local.ERROR: require_once(/opt/lampp/htdocs/2022A/apilaravel/app\Helpers\JwtAuth.php): Failed to open stream: No existe el archivo o el directorio {"exception":"[object] (ErrorException(code: 0): require_once(/opt/lampp/htdocs/2022A/apilaravel/app\\Helpers\\JwtAuth.php): Failed to open stream: No existe el archivo o el directorio at /opt/lampp/htdocs/2022A/apilaravel/app/Providers/JwtAuthServiceProvider.php:16)
[stacktrace]
#0 /opt/lampp/htdocs/2022A/apilaravel/vendor/laravel/framework/src/Illuminate/Foundation/Bootstrap/HandleExceptions.php(231): Illuminate\\Foundation\\Bootstrap\\HandleExceptions->handleError(2, 'require_once(/o...', '/opt/lampp/htdo...', 16)
#1 /opt/lampp/htdocs/2022A/apilaravel/app/Providers/JwtAuthServiceProvider.php(16): Illuminate\\Foundation\\Bootstrap\\HandleExceptions->Illuminate\\Foundation\\Bootstrap\\{closure}(2, 'require_once(/o...', '/opt/lampp/htdo...', 16)
#2 /opt/lampp/htdocs/2022A/apilaravel/app/Providers/JwtAuthServiceProvider.php(16): require_once('/opt/lampp/htdo...')
#3 /opt/lampp/htdocs/2022A/apilaravel/vendor/laravel/framework/src/Illuminate/Foundation/Application.php(686): App\\Providers\\JwtAuthServiceProvider->register()
#4 /opt/lampp/htdocs/2022A/apilaravel/vendor/laravel/framework/src/Illuminate/Foundation/ProviderRepository.php(75): Illuminate\\Foundation\\Application->register(Object(App\\Providers\\JwtAuthServiceProvider))
#5 /opt/lampp/htdocs/2022A/apilaravel/vendor/laravel/framework/src/Illuminate/Foundation/Application.php(663): Illuminate\\Foundation\\ProviderRepository->load(Array)
#6 /opt/lampp/htdocs/2022A/apilaravel/vendor/laravel/framework/src/Illuminate/Foundation/Bootstrap/RegisterProviders.php(17): Illuminate\\Foundation\\Application->registerConfiguredProviders()
#7 /opt/lampp/htdocs/2022A/apilaravel/vendor/laravel/framework/src/Illuminate/Foundation/Application.php(239): Illuminate\\Foundation\\Bootstrap\\RegisterProviders->bootstrap(Object(Illuminate\\Foundation\\Application))
#8 /opt/lampp/htdocs/2022A/apilaravel/vendor/laravel/framework/src/Illuminate/Foundation/Http/Kernel.php(153): Illuminate\\Foundation\\Application->bootstrapWith(Array)
#9 /opt/lampp/htdocs/2022A/apilaravel/vendor/laravel/framework/src/Illuminate/Foundation/Http/Kernel.php(137): Illuminate\\Foundation\\Http\\Kernel->bootstrap()
#10 /opt/lampp/htdocs/2022A/apilaravel/vendor/laravel/framework/src/Illuminate/Foundation/Http/Kernel.php(111): Illuminate\\Foundation\\Http\\Kernel->sendRequestThroughRouter(Object(Illuminate\\Http\\Request))
#11 /opt/lampp/htdocs/2022A/apilaravel/public/index.php(52): Illuminate\\Foundation\\Http\\Kernel->handle(Object(Illuminate\\Http\\Request))
#12 {main}
"} 
[2022-02-24 01:17:43] local.ERROR: require_once(/opt/lampp/htdocs/2022A/apilaravel/app\Helpers\JwtAuth.php): Failed to open stream: No existe el archivo o el directorio {"exception":"[object] (ErrorException(code: 0): require_once(/opt/lampp/htdocs/2022A/apilaravel/app\\Helpers\\JwtAuth.php): Failed to open stream: No existe el archivo o el directorio at /opt/lampp/htdocs/2022A/apilaravel/app/Providers/JwtAuthServiceProvider.php:16)
[stacktrace]
#0 /opt/lampp/htdocs/2022A/apilaravel/vendor/laravel/framework/src/Illuminate/Foundation/Bootstrap/HandleExceptions.php(231): Illuminate\\Foundation\\Bootstrap\\HandleExceptions->handleError(2, 'require_once(/o...', '/opt/lampp/htdo...', 16)
#1 /opt/lampp/htdocs/2022A/apilaravel/app/Providers/JwtAuthServiceProvider.php(16): Illuminate\\Foundation\\Bootstrap\\HandleExceptions->Illuminate\\Foundation\\Bootstrap\\{closure}(2, 'require_once(/o...', '/opt/lampp/htdo...', 16)
#2 /opt/lampp/htdocs/2022A/apilaravel/app/Providers/JwtAuthServiceProvider.php(16): require_once('/opt/lampp/htdo...')
#3 /opt/lampp/htdocs/2022A/apilaravel/vendor/laravel/framework/src/Illuminate/Foundation/Application.php(686): App\\Providers\\JwtAuthServiceProvider->register()
#4 /opt/lampp/htdocs/2022A/apilaravel/vendor/laravel/framework/src/Illuminate/Foundation/ProviderRepository.php(75): Illuminate\\Foundation\\Application->register(Object(App\\Providers\\JwtAuthServiceProvider))
#5 /opt/lampp/htdocs/2022A/apilaravel/vendor/laravel/framework/src/Illuminate/Foundation/Application.php(663): Illuminate\\Foundation\\ProviderRepository->load(Array)
#6 /opt/lampp/htdocs/2022A/apilaravel/vendor/laravel/framework/src/Illuminate/Foundation/Bootstrap/RegisterProviders.php(17): Illuminate\\Foundation\\Application->registerConfiguredProviders()
#7 /opt/lampp/htdocs/2022A/apilaravel/vendor/laravel/framework/src/Illuminate/Foundation/Application.php(239): Illuminate\\Foundation\\Bootstrap\\RegisterProviders->bootstrap(Object(Illuminate\\Foundation\\Application))
#8 /opt/lampp/htdocs/2022A/apilaravel/vendor/laravel/framework/src/Illuminate/Foundation/Http/Kernel.php(153): Illuminate\\Foundation\\Application->bootstrapWith(Array)
#9 /opt/lampp/htdocs/2022A/apilaravel/vendor/laravel/framework/src/Illuminate/Foundation/Http/Kernel.php(137): Illuminate\\Foundation\\Http\\Kernel->bootstrap()
#10 /opt/lampp/htdocs/2022A/apilaravel/vendor/laravel/framework/src/Illuminate/Foundation/Http/Kernel.php(111): Illuminate\\Foundation\\Http\\Kernel->sendRequestThroughRouter(Object(Illuminate\\Http\\Request))
#11 /opt/lampp/htdocs/2022A/apilaravel/public/index.php(52): Illuminate\\Foundation\\Http\\Kernel->handle(Object(Illuminate\\Http\\Request))
#12 {main}
"} 
[2022-02-24 01:20:09] local.ERROR: require_once(/opt/lampp/htdocs/2022A/apilaravel/app\Helpers\JwtAuth.php): Failed to open stream: No existe el archivo o el directorio {"exception":"[object] (ErrorException(code: 0): require_once(/opt/lampp/htdocs/2022A/apilaravel/app\\Helpers\\JwtAuth.php): Failed to open stream: No existe el archivo o el directorio at /opt/lampp/htdocs/2022A/apilaravel/app/Providers/JwtAuthServiceProvider.php:16)
[stacktrace]
#0 /opt/lampp/htdocs/2022A/apilaravel/vendor/laravel/framework/src/Illuminate/Foundation/Bootstrap/HandleExceptions.php(231): Illuminate\\Foundation\\Bootstrap\\HandleExceptions->handleError(2, 'require_once(/o...', '/opt/lampp/htdo...', 16)
#1 /opt/lampp/htdocs/2022A/apilaravel/app/Providers/JwtAuthServiceProvider.php(16): Illuminate\\Foundation\\Bootstrap\\HandleExceptions->Illuminate\\Foundation\\Bootstrap\\{closure}(2, 'require_once(/o...', '/opt/lampp/htdo...', 16)
#2 /opt/lampp/htdocs/2022A/apilaravel/app/Providers/JwtAuthServiceProvider.php(16): require_once('/opt/lampp/htdo...')
#3 /opt/lampp/htdocs/2022A/apilaravel/vendor/laravel/framework/src/Illuminate/Foundation/Application.php(686): App\\Providers\\JwtAuthServiceProvider->register()
#4 /opt/lampp/htdocs/2022A/apilaravel/vendor/laravel/framework/src/Illuminate/Foundation/ProviderRepository.php(75): Illuminate\\Foundation\\Application->register(Object(App\\Providers\\JwtAuthServiceProvider))
#5 /opt/lampp/htdocs/2022A/apilaravel/vendor/laravel/framework/src/Illuminate/Foundation/Application.php(663): Illuminate\\Foundation\\ProviderRepository->load(Array)
#6 /opt/lampp/htdocs/2022A/apilaravel/vendor/laravel/framework/src/Illuminate/Foundation/Bootstrap/RegisterProviders.php(17): Illuminate\\Foundation\\Application->registerConfiguredProviders()
#7 /opt/lampp/htdocs/2022A/apilaravel/vendor/laravel/framework/src/Illuminate/Foundation/Application.php(239): Illuminate\\Foundation\\Bootstrap\\RegisterProviders->bootstrap(Object(Illuminate\\Foundation\\Application))
#8 /opt/lampp/htdocs/2022A/apilaravel/vendor/laravel/framework/src/Illuminate/Foundation/Http/Kernel.php(153): Illuminate\\Foundation\\Application->bootstrapWith(Array)
#9 /opt/lampp/htdocs/2022A/apilaravel/vendor/laravel/framework/src/Illuminate/Foundation/Http/Kernel.php(137): Illuminate\\Foundation\\Http\\Kernel->bootstrap()
#10 /opt/lampp/htdocs/2022A/apilaravel/vendor/laravel/framework/src/Illuminate/Foundation/Http/Kernel.php(111): Illuminate\\Foundation\\Http\\Kernel->sendRequestThroughRouter(Object(Illuminate\\Http\\Request))
#11 /opt/lampp/htdocs/2022A/apilaravel/public/index.php(52): Illuminate\\Foundation\\Http\\Kernel->handle(Object(Illuminate\\Http\\Request))
#12 {main}
"} 
[2022-02-24 01:23:49] local.ERROR: require_once(/opt/lampp/htdocs/2022A/apilaravel/app\Helpers\JwtAuth.php): Failed to open stream: No existe el archivo o el directorio {"exception":"[object] (ErrorException(code: 0): require_once(/opt/lampp/htdocs/2022A/apilaravel/app\\Helpers\\JwtAuth.php): Failed to open stream: No existe el archivo o el directorio at /opt/lampp/htdocs/2022A/apilaravel/app/Providers/JwtAuthServiceProvider.php:16)
[stacktrace]
#0 /opt/lampp/htdocs/2022A/apilaravel/vendor/laravel/framework/src/Illuminate/Foundation/Bootstrap/HandleExceptions.php(231): Illuminate\\Foundation\\Bootstrap\\HandleExceptions->handleError(2, 'require_once(/o...', '/opt/lampp/htdo...', 16)
#1 /opt/lampp/htdocs/2022A/apilaravel/app/Providers/JwtAuthServiceProvider.php(16): Illuminate\\Foundation\\Bootstrap\\HandleExceptions->Illuminate\\Foundation\\Bootstrap\\{closure}(2, 'require_once(/o...', '/opt/lampp/htdo...', 16)
#2 /opt/lampp/htdocs/2022A/apilaravel/app/Providers/JwtAuthServiceProvider.php(16): require_once('/opt/lampp/htdo...')
#3 /opt/lampp/htdocs/2022A/apilaravel/vendor/laravel/framework/src/Illuminate/Foundation/Application.php(686): App\\Providers\\JwtAuthServiceProvider->register()
#4 /opt/lampp/htdocs/2022A/apilaravel/vendor/laravel/framework/src/Illuminate/Foundation/ProviderRepository.php(75): Illuminate\\Foundation\\Application->register(Object(App\\Providers\\JwtAuthServiceProvider))
#5 /opt/lampp/htdocs/2022A/apilaravel/vendor/laravel/framework/src/Illuminate/Foundation/Application.php(663): Illuminate\\Foundation\\ProviderRepository->load(Array)
#6 /opt/lampp/htdocs/2022A/apilaravel/vendor/laravel/framework/src/Illuminate/Foundation/Bootstrap/RegisterProviders.php(17): Illuminate\\Foundation\\Application->registerConfiguredProviders()
#7 /opt/lampp/htdocs/2022A/apilaravel/vendor/laravel/framework/src/Illuminate/Foundation/Application.php(239): Illuminate\\Foundation\\Bootstrap\\RegisterProviders->bootstrap(Object(Illuminate\\Foundation\\Application))
#8 /opt/lampp/htdocs/2022A/apilaravel/vendor/laravel/framework/src/Illuminate/Foundation/Http/Kernel.php(153): Illuminate\\Foundation\\Application->bootstrapWith(Array)
#9 /opt/lampp/htdocs/2022A/apilaravel/vendor/laravel/framework/src/Illuminate/Foundation/Http/Kernel.php(137): Illuminate\\Foundation\\Http\\Kernel->bootstrap()
#10 /opt/lampp/htdocs/2022A/apilaravel/vendor/laravel/framework/src/Illuminate/Foundation/Http/Kernel.php(111): Illuminate\\Foundation\\Http\\Kernel->sendRequestThroughRouter(Object(Illuminate\\Http\\Request))
#11 /opt/lampp/htdocs/2022A/apilaravel/public/index.php(52): Illuminate\\Foundation\\Http\\Kernel->handle(Object(Illuminate\\Http\\Request))
#12 {main}
"} 
[2022-02-24 01:23:56] local.ERROR: require_once(/opt/lampp/htdocs/2022A/apilaravel/app\Helpers\JwtAuth.php): Failed to open stream: No existe el archivo o el directorio {"exception":"[object] (ErrorException(code: 0): require_once(/opt/lampp/htdocs/2022A/apilaravel/app\\Helpers\\JwtAuth.php): Failed to open stream: No existe el archivo o el directorio at /opt/lampp/htdocs/2022A/apilaravel/app/Providers/JwtAuthServiceProvider.php:16)
[stacktrace]
#0 /opt/lampp/htdocs/2022A/apilaravel/vendor/laravel/framework/src/Illuminate/Foundation/Bootstrap/HandleExceptions.php(231): Illuminate\\Foundation\\Bootstrap\\HandleExceptions->handleError(2, 'require_once(/o...', '/opt/lampp/htdo...', 16)
#1 /opt/lampp/htdocs/2022A/apilaravel/app/Providers/JwtAuthServiceProvider.php(16): Illuminate\\Foundation\\Bootstrap\\HandleExceptions->Illuminate\\Foundation\\Bootstrap\\{closure}(2, 'require_once(/o...', '/opt/lampp/htdo...', 16)
#2 /opt/lampp/htdocs/2022A/apilaravel/app/Providers/JwtAuthServiceProvider.php(16): require_once('/opt/lampp/htdo...')
#3 /opt/lampp/htdocs/2022A/apilaravel/vendor/laravel/framework/src/Illuminate/Foundation/Application.php(686): App\\Providers\\JwtAuthServiceProvider->register()
#4 /opt/lampp/htdocs/2022A/apilaravel/vendor/laravel/framework/src/Illuminate/Foundation/ProviderRepository.php(75): Illuminate\\Foundation\\Application->register(Object(App\\Providers\\JwtAuthServiceProvider))
#5 /opt/lampp/htdocs/2022A/apilaravel/vendor/laravel/framework/src/Illuminate/Foundation/Application.php(663): Illuminate\\Foundation\\ProviderRepository->load(Array)
#6 /opt/lampp/htdocs/2022A/apilaravel/vendor/laravel/framework/src/Illuminate/Foundation/Bootstrap/RegisterProviders.php(17): Illuminate\\Foundation\\Application->registerConfiguredProviders()
#7 /opt/lampp/htdocs/2022A/apilaravel/vendor/laravel/framework/src/Illuminate/Foundation/Application.php(239): Illuminate\\Foundation\\Bootstrap\\RegisterProviders->bootstrap(Object(Illuminate\\Foundation\\Application))
#8 /opt/lampp/htdocs/2022A/apilaravel/vendor/laravel/framework/src/Illuminate/Foundation/Http/Kernel.php(153): Illuminate\\Foundation\\Application->bootstrapWith(Array)
#9 /opt/lampp/htdocs/2022A/apilaravel/vendor/laravel/framework/src/Illuminate/Foundation/Http/Kernel.php(137): Illuminate\\Foundation\\Http\\Kernel->bootstrap()
#10 /opt/lampp/htdocs/2022A/apilaravel/vendor/laravel/framework/src/Illuminate/Foundation/Http/Kernel.php(111): Illuminate\\Foundation\\Http\\Kernel->sendRequestThroughRouter(Object(Illuminate\\Http\\Request))
#11 /opt/lampp/htdocs/2022A/apilaravel/public/index.php(52): Illuminate\\Foundation\\Http\\Kernel->handle(Object(Illuminate\\Http\\Request))
#12 {main}
"} 
[2022-02-24 01:24:26] local.ERROR: require_once(/opt/lampp/htdocs/2022A/apilaravel/app\Helpers\JwtAuth.php): Failed to open stream: No existe el archivo o el directorio {"exception":"[object] (ErrorException(code: 0): require_once(/opt/lampp/htdocs/2022A/apilaravel/app\\Helpers\\JwtAuth.php): Failed to open stream: No existe el archivo o el directorio at /opt/lampp/htdocs/2022A/apilaravel/app/Providers/JwtAuthServiceProvider.php:16)
[stacktrace]
#0 /opt/lampp/htdocs/2022A/apilaravel/vendor/laravel/framework/src/Illuminate/Foundation/Bootstrap/HandleExceptions.php(231): Illuminate\\Foundation\\Bootstrap\\HandleExceptions->handleError(2, 'require_once(/o...', '/opt/lampp/htdo...', 16)
#1 /opt/lampp/htdocs/2022A/apilaravel/app/Providers/JwtAuthServiceProvider.php(16): Illuminate\\Foundation\\Bootstrap\\HandleExceptions->Illuminate\\Foundation\\Bootstrap\\{closure}(2, 'require_once(/o...', '/opt/lampp/htdo...', 16)
#2 /opt/lampp/htdocs/2022A/apilaravel/app/Providers/JwtAuthServiceProvider.php(16): require_once('/opt/lampp/htdo...')
#3 /opt/lampp/htdocs/2022A/apilaravel/vendor/laravel/framework/src/Illuminate/Foundation/Application.php(686): App\\Providers\\JwtAuthServiceProvider->register()
#4 /opt/lampp/htdocs/2022A/apilaravel/vendor/laravel/framework/src/Illuminate/Foundation/ProviderRepository.php(75): Illuminate\\Foundation\\Application->register(Object(App\\Providers\\JwtAuthServiceProvider))
#5 /opt/lampp/htdocs/2022A/apilaravel/vendor/laravel/framework/src/Illuminate/Foundation/Application.php(663): Illuminate\\Foundation\\ProviderRepository->load(Array)
#6 /opt/lampp/htdocs/2022A/apilaravel/vendor/laravel/framework/src/Illuminate/Foundation/Bootstrap/RegisterProviders.php(17): Illuminate\\Foundation\\Application->registerConfiguredProviders()
#7 /opt/lampp/htdocs/2022A/apilaravel/vendor/laravel/framework/src/Illuminate/Foundation/Application.php(239): Illuminate\\Foundation\\Bootstrap\\RegisterProviders->bootstrap(Object(Illuminate\\Foundation\\Application))
#8 /opt/lampp/htdocs/2022A/apilaravel/vendor/laravel/framework/src/Illuminate/Foundation/Http/Kernel.php(153): Illuminate\\Foundation\\Application->bootstrapWith(Array)
#9 /opt/lampp/htdocs/2022A/apilaravel/vendor/laravel/framework/src/Illuminate/Foundation/Http/Kernel.php(137): Illuminate\\Foundation\\Http\\Kernel->bootstrap()
#10 /opt/lampp/htdocs/2022A/apilaravel/vendor/laravel/framework/src/Illuminate/Foundation/Http/Kernel.php(111): Illuminate\\Foundation\\Http\\Kernel->sendRequestThroughRouter(Object(Illuminate\\Http\\Request))
#11 /opt/lampp/htdocs/2022A/apilaravel/public/index.php(52): Illuminate\\Foundation\\Http\\Kernel->handle(Object(Illuminate\\Http\\Request))
#12 {main}
"} 
[2022-02-24 01:26:22] local.ERROR: Failed opening required '/opt/lampp/htdocs/2022A/apilaravel/app\Helpers\JwtAuth.php' (include_path='.:/opt/lampp/lib/php') {"exception":"[object] (Error(code: 0): Failed opening required '/opt/lampp/htdocs/2022A/apilaravel/app\\Helpers\\JwtAuth.php' (include_path='.:/opt/lampp/lib/php') at /opt/lampp/htdocs/2022A/apilaravel/app/Providers/JwtAuthServiceProvider.php:16)
[stacktrace]
#0 /opt/lampp/htdocs/2022A/apilaravel/vendor/laravel/framework/src/Illuminate/Foundation/Application.php(686): App\\Providers\\JwtAuthServiceProvider->register()
#1 /opt/lampp/htdocs/2022A/apilaravel/vendor/laravel/framework/src/Illuminate/Foundation/ProviderRepository.php(75): Illuminate\\Foundation\\Application->register(Object(App\\Providers\\JwtAuthServiceProvider))
#2 /opt/lampp/htdocs/2022A/apilaravel/vendor/laravel/framework/src/Illuminate/Foundation/Application.php(663): Illuminate\\Foundation\\ProviderRepository->load(Array)
#3 /opt/lampp/htdocs/2022A/apilaravel/vendor/laravel/framework/src/Illuminate/Foundation/Bootstrap/RegisterProviders.php(17): Illuminate\\Foundation\\Application->registerConfiguredProviders()
#4 /opt/lampp/htdocs/2022A/apilaravel/vendor/laravel/framework/src/Illuminate/Foundation/Application.php(239): Illuminate\\Foundation\\Bootstrap\\RegisterProviders->bootstrap(Object(Illuminate\\Foundation\\Application))
#5 /opt/lampp/htdocs/2022A/apilaravel/vendor/laravel/framework/src/Illuminate/Foundation/Http/Kernel.php(153): Illuminate\\Foundation\\Application->bootstrapWith(Array)
#6 /opt/lampp/htdocs/2022A/apilaravel/vendor/laravel/framework/src/Illuminate/Foundation/Http/Kernel.php(137): Illuminate\\Foundation\\Http\\Kernel->bootstrap()
#7 /opt/lampp/htdocs/2022A/apilaravel/vendor/laravel/framework/src/Illuminate/Foundation/Http/Kernel.php(111): Illuminate\\Foundation\\Http\\Kernel->sendRequestThroughRouter(Object(Illuminate\\Http\\Request))
#8 /opt/lampp/htdocs/2022A/apilaravel/public/index.php(52): Illuminate\\Foundation\\Http\\Kernel->handle(Object(Illuminate\\Http\\Request))
#9 {main}
"} 
[2022-02-24 01:26:36] local.ERROR: Failed opening required '/opt/lampp/htdocs/2022A/apilaravel/app\Helpers\JwtAuth.php' (include_path='.:/opt/lampp/lib/php') {"exception":"[object] (Error(code: 0): Failed opening required '/opt/lampp/htdocs/2022A/apilaravel/app\\Helpers\\JwtAuth.php' (include_path='.:/opt/lampp/lib/php') at /opt/lampp/htdocs/2022A/apilaravel/app/Providers/JwtAuthServiceProvider.php:16)
[stacktrace]
#0 /opt/lampp/htdocs/2022A/apilaravel/vendor/laravel/framework/src/Illuminate/Foundation/Application.php(686): App\\Providers\\JwtAuthServiceProvider->register()
#1 /opt/lampp/htdocs/2022A/apilaravel/vendor/laravel/framework/src/Illuminate/Foundation/ProviderRepository.php(75): Illuminate\\Foundation\\Application->register(Object(App\\Providers\\JwtAuthServiceProvider))
#2 /opt/lampp/htdocs/2022A/apilaravel/vendor/laravel/framework/src/Illuminate/Foundation/Application.php(663): Illuminate\\Foundation\\ProviderRepository->load(Array)
#3 /opt/lampp/htdocs/2022A/apilaravel/vendor/laravel/framework/src/Illuminate/Foundation/Bootstrap/RegisterProviders.php(17): Illuminate\\Foundation\\Application->registerConfiguredProviders()
#4 /opt/lampp/htdocs/2022A/apilaravel/vendor/laravel/framework/src/Illuminate/Foundation/Application.php(239): Illuminate\\Foundation\\Bootstrap\\RegisterProviders->bootstrap(Object(Illuminate\\Foundation\\Application))
#5 /opt/lampp/htdocs/2022A/apilaravel/vendor/laravel/framework/src/Illuminate/Foundation/Http/Kernel.php(153): Illuminate\\Foundation\\Application->bootstrapWith(Array)
#6 /opt/lampp/htdocs/2022A/apilaravel/vendor/laravel/framework/src/Illuminate/Foundation/Http/Kernel.php(137): Illuminate\\Foundation\\Http\\Kernel->bootstrap()
#7 /opt/lampp/htdocs/2022A/apilaravel/vendor/laravel/framework/src/Illuminate/Foundation/Http/Kernel.php(111): Illuminate\\Foundation\\Http\\Kernel->sendRequestThroughRouter(Object(Illuminate\\Http\\Request))
#8 /opt/lampp/htdocs/2022A/apilaravel/public/index.php(52): Illuminate\\Foundation\\Http\\Kernel->handle(Object(Illuminate\\Http\\Request))
#9 {main}
"} 
[2022-02-24 23:06:00] local.ERROR: Class "App\Http\Controllers\Car" not found {"exception":"[object] (Error(code: 0): Class \"App\\Http\\Controllers\\Car\" not found at /opt/lampp/htdocs/2022A/apilaravel/app/Http/Controllers/CarController.php:76)
[stacktrace]
#0 /opt/lampp/htdocs/2022A/apilaravel/vendor/laravel/framework/src/Illuminate/Routing/Controller.php(54): App\\Http\\Controllers\\CarController->store(Object(Illuminate\\Http\\Request))
#1 /opt/lampp/htdocs/2022A/apilaravel/vendor/laravel/framework/src/Illuminate/Routing/ControllerDispatcher.php(45): Illuminate\\Routing\\Controller->callAction('store', Array)
#2 /opt/lampp/htdocs/2022A/apilaravel/vendor/laravel/framework/src/Illuminate/Routing/Route.php(261): Illuminate\\Routing\\ControllerDispatcher->dispatch(Object(Illuminate\\Routing\\Route), Object(App\\Http\\Controllers\\CarController), 'store')
#3 /opt/lampp/htdocs/2022A/apilaravel/vendor/laravel/framework/src/Illuminate/Routing/Route.php(204): Illuminate\\Routing\\Route->runController()
#4 /opt/lampp/htdocs/2022A/apilaravel/vendor/laravel/framework/src/Illuminate/Routing/Router.php(725): Illuminate\\Routing\\Route->run()
#5 /opt/lampp/htdocs/2022A/apilaravel/vendor/laravel/framework/src/Illuminate/Pipeline/Pipeline.php(128): Illuminate\\Routing\\Router->Illuminate\\Routing\\{closure}(Object(Illuminate\\Http\\Request))
#6 /opt/lampp/htdocs/2022A/apilaravel/vendor/laravel/framework/src/Illuminate/Routing/Middleware/SubstituteBindings.php(50): Illuminate\\Pipeline\\Pipeline->Illuminate\\Pipeline\\{closure}(Object(Illuminate\\Http\\Request))
#7 /opt/lampp/htdocs/2022A/apilaravel/vendor/laravel/framework/src/Illuminate/Pipeline/Pipeline.php(167): Illuminate\\Routing\\Middleware\\SubstituteBindings->handle(Object(Illuminate\\Http\\Request), Object(Closure))
#8 /opt/lampp/htdocs/2022A/apilaravel/vendor/laravel/framework/src/Illuminate/View/Middleware/ShareErrorsFromSession.php(49): Illuminate\\Pipeline\\Pipeline->Illuminate\\Pipeline\\{closure}(Object(Illuminate\\Http\\Request))
#9 /opt/lampp/htdocs/2022A/apilaravel/vendor/laravel/framework/src/Illuminate/Pipeline/Pipeline.php(167): Illuminate\\View\\Middleware\\ShareErrorsFromSession->handle(Object(Illuminate\\Http\\Request), Object(Closure))
#10 /opt/lampp/htdocs/2022A/apilaravel/vendor/laravel/framework/src/Illuminate/Session/Middleware/AuthenticateSession.php(39): Illuminate\\Pipeline\\Pipeline->Illuminate\\Pipeline\\{closure}(Object(Illuminate\\Http\\Request))
#11 /opt/lampp/htdocs/2022A/apilaravel/vendor/laravel/framework/src/Illuminate/Pipeline/Pipeline.php(167): Illuminate\\Session\\Middleware\\AuthenticateSession->handle(Object(Illuminate\\Http\\Request), Object(Closure))
#12 /opt/lampp/htdocs/2022A/apilaravel/vendor/laravel/framework/src/Illuminate/Session/Middleware/StartSession.php(121): Illuminate\\Pipeline\\Pipeline->Illuminate\\Pipeline\\{closure}(Object(Illuminate\\Http\\Request))
#13 /opt/lampp/htdocs/2022A/apilaravel/vendor/laravel/framework/src/Illuminate/Session/Middleware/StartSession.php(64): Illuminate\\Session\\Middleware\\StartSession->handleStatefulRequest(Object(Illuminate\\Http\\Request), Object(Illuminate\\Session\\Store), Object(Closure))
#14 /opt/lampp/htdocs/2022A/apilaravel/vendor/laravel/framework/src/Illuminate/Pipeline/Pipeline.php(167): Illuminate\\Session\\Middleware\\StartSession->handle(Object(Illuminate\\Http\\Request), Object(Closure))
#15 /opt/lampp/htdocs/2022A/apilaravel/vendor/laravel/framework/src/Illuminate/Cookie/Middleware/AddQueuedCookiesToResponse.php(37): Illuminate\\Pipeline\\Pipeline->Illuminate\\Pipeline\\{closure}(Object(Illuminate\\Http\\Request))
#16 /opt/lampp/htdocs/2022A/apilaravel/vendor/laravel/framework/src/Illuminate/Pipeline/Pipeline.php(167): Illuminate\\Cookie\\Middleware\\AddQueuedCookiesToResponse->handle(Object(Illuminate\\Http\\Request), Object(Closure))
#17 /opt/lampp/htdocs/2022A/apilaravel/vendor/laravel/framework/src/Illuminate/Cookie/Middleware/EncryptCookies.php(67): Illuminate\\Pipeline\\Pipeline->Illuminate\\Pipeline\\{closure}(Object(Illuminate\\Http\\Request))
#18 /opt/lampp/htdocs/2022A/apilaravel/vendor/laravel/framework/src/Illuminate/Pipeline/Pipeline.php(167): Illuminate\\Cookie\\Middleware\\EncryptCookies->handle(Object(Illuminate\\Http\\Request), Object(Closure))
#19 /opt/lampp/htdocs/2022A/apilaravel/vendor/laravel/framework/src/Illuminate/Pipeline/Pipeline.php(103): Illuminate\\Pipeline\\Pipeline->Illuminate\\Pipeline\\{closure}(Object(Illuminate\\Http\\Request))
#20 /opt/lampp/htdocs/2022A/apilaravel/vendor/laravel/framework/src/Illuminate/Routing/Router.php(727): Illuminate\\Pipeline\\Pipeline->then(Object(Closure))
#21 /opt/lampp/htdocs/2022A/apilaravel/vendor/laravel/framework/src/Illuminate/Routing/Router.php(702): Illuminate\\Routing\\Router->runRouteWithinStack(Object(Illuminate\\Routing\\Route), Object(Illuminate\\Http\\Request))
#22 /opt/lampp/htdocs/2022A/apilaravel/vendor/laravel/framework/src/Illuminate/Routing/Router.php(666): Illuminate\\Routing\\Router->runRoute(Object(Illuminate\\Http\\Request), Object(Illuminate\\Routing\\Route))
#23 /opt/lampp/htdocs/2022A/apilaravel/vendor/laravel/framework/src/Illuminate/Routing/Router.php(655): Illuminate\\Routing\\Router->dispatchToRoute(Object(Illuminate\\Http\\Request))
#24 /opt/lampp/htdocs/2022A/apilaravel/vendor/laravel/framework/src/Illuminate/Foundation/Http/Kernel.php(167): Illuminate\\Routing\\Router->dispatch(Object(Illuminate\\Http\\Request))
#25 /opt/lampp/htdocs/2022A/apilaravel/vendor/laravel/framework/src/Illuminate/Pipeline/Pipeline.php(128): Illuminate\\Foundation\\Http\\Kernel->Illuminate\\Foundation\\Http\\{closure}(Object(Illuminate\\Http\\Request))
#26 /opt/lampp/htdocs/2022A/apilaravel/vendor/livewire/livewire/src/DisableBrowserCache.php(19): Illuminate\\Pipeline\\Pipeline->Illuminate\\Pipeline\\{closure}(Object(Illuminate\\Http\\Request))
#27 /opt/lampp/htdocs/2022A/apilaravel/vendor/laravel/framework/src/Illuminate/Pipeline/Pipeline.php(167): Livewire\\DisableBrowserCache->handle(Object(Illuminate\\Http\\Request), Object(Closure))
#28 /opt/lampp/htdocs/2022A/apilaravel/vendor/laravel/framework/src/Illuminate/Foundation/Http/Middleware/TransformsRequest.php(21): Illuminate\\Pipeline\\Pipeline->Illuminate\\Pipeline\\{closure}(Object(Illuminate\\Http\\Request))
#29 /opt/lampp/htdocs/2022A/apilaravel/vendor/laravel/framework/src/Illuminate/Foundation/Http/Middleware/ConvertEmptyStringsToNull.php(31): Illuminate\\Foundation\\Http\\Middleware\\TransformsRequest->handle(Object(Illuminate\\Http\\Request), Object(Closure))
#30 /opt/lampp/htdocs/2022A/apilaravel/vendor/laravel/framework/src/Illuminate/Pipeline/Pipeline.php(167): Illuminate\\Foundation\\Http\\Middleware\\ConvertEmptyStringsToNull->handle(Object(Illuminate\\Http\\Request), Object(Closure))
#31 /opt/lampp/htdocs/2022A/apilaravel/vendor/laravel/framework/src/Illuminate/Foundation/Http/Middleware/TransformsRequest.php(21): Illuminate\\Pipeline\\Pipeline->Illuminate\\Pipeline\\{closure}(Object(Illuminate\\Http\\Request))
#32 /opt/lampp/htdocs/2022A/apilaravel/vendor/laravel/framework/src/Illuminate/Foundation/Http/Middleware/TrimStrings.php(40): Illuminate\\Foundation\\Http\\Middleware\\TransformsRequest->handle(Object(Illuminate\\Http\\Request), Object(Closure))
#33 /opt/lampp/htdocs/2022A/apilaravel/vendor/laravel/framework/src/Illuminate/Pipeline/Pipeline.php(167): Illuminate\\Foundation\\Http\\Middleware\\TrimStrings->handle(Object(Illuminate\\Http\\Request), Object(Closure))
#34 /opt/lampp/htdocs/2022A/apilaravel/vendor/laravel/framework/src/Illuminate/Foundation/Http/Middleware/ValidatePostSize.php(27): Illuminate\\Pipeline\\Pipeline->Illuminate\\Pipeline\\{closure}(Object(Illuminate\\Http\\Request))
#35 /opt/lampp/htdocs/2022A/apilaravel/vendor/laravel/framework/src/Illuminate/Pipeline/Pipeline.php(167): Illuminate\\Foundation\\Http\\Middleware\\ValidatePostSize->handle(Object(Illuminate\\Http\\Request), Object(Closure))
#36 /opt/lampp/htdocs/2022A/apilaravel/vendor/laravel/framework/src/Illuminate/Foundation/Http/Middleware/PreventRequestsDuringMaintenance.php(86): Illuminate\\Pipeline\\Pipeline->Illuminate\\Pipeline\\{closure}(Object(Illuminate\\Http\\Request))
#37 /opt/lampp/htdocs/2022A/apilaravel/vendor/laravel/framework/src/Illuminate/Pipeline/Pipeline.php(167): Illuminate\\Foundation\\Http\\Middleware\\PreventRequestsDuringMaintenance->handle(Object(Illuminate\\Http\\Request), Object(Closure))
#38 /opt/lampp/htdocs/2022A/apilaravel/vendor/fruitcake/laravel-cors/src/HandleCors.php(52): Illuminate\\Pipeline\\Pipeline->Illuminate\\Pipeline\\{closure}(Object(Illuminate\\Http\\Request))
#39 /opt/lampp/htdocs/2022A/apilaravel/vendor/laravel/framework/src/Illuminate/Pipeline/Pipeline.php(167): Fruitcake\\Cors\\HandleCors->handle(Object(Illuminate\\Http\\Request), Object(Closure))
#40 /opt/lampp/htdocs/2022A/apilaravel/vendor/laravel/framework/src/Illuminate/Http/Middleware/TrustProxies.php(39): Illuminate\\Pipeline\\Pipeline->Illuminate\\Pipeline\\{closure}(Object(Illuminate\\Http\\Request))
#41 /opt/lampp/htdocs/2022A/apilaravel/vendor/laravel/framework/src/Illuminate/Pipeline/Pipeline.php(167): Illuminate\\Http\\Middleware\\TrustProxies->handle(Object(Illuminate\\Http\\Request), Object(Closure))
#42 /opt/lampp/htdocs/2022A/apilaravel/vendor/laravel/framework/src/Illuminate/Pipeline/Pipeline.php(103): Illuminate\\Pipeline\\Pipeline->Illuminate\\Pipeline\\{closure}(Object(Illuminate\\Http\\Request))
#43 /opt/lampp/htdocs/2022A/apilaravel/vendor/laravel/framework/src/Illuminate/Foundation/Http/Kernel.php(142): Illuminate\\Pipeline\\Pipeline->then(Object(Closure))
#44 /opt/lampp/htdocs/2022A/apilaravel/vendor/laravel/framework/src/Illuminate/Foundation/Http/Kernel.php(111): Illuminate\\Foundation\\Http\\Kernel->sendRequestThroughRouter(Object(Illuminate\\Http\\Request))
#45 /opt/lampp/htdocs/2022A/apilaravel/public/index.php(52): Illuminate\\Foundation\\Http\\Kernel->handle(Object(Illuminate\\Http\\Request))
#46 {main}
"} 
[2022-02-24 23:06:09] local.ERROR: Class "App\Http\Controllers\Car" not found {"exception":"[object] (Error(code: 0): Class \"App\\Http\\Controllers\\Car\" not found at /opt/lampp/htdocs/2022A/apilaravel/app/Http/Controllers/CarController.php:76)
[stacktrace]
#0 /opt/lampp/htdocs/2022A/apilaravel/vendor/laravel/framework/src/Illuminate/Routing/Controller.php(54): App\\Http\\Controllers\\CarController->store(Object(Illuminate\\Http\\Request))
#1 /opt/lampp/htdocs/2022A/apilaravel/vendor/laravel/framework/src/Illuminate/Routing/ControllerDispatcher.php(45): Illuminate\\Routing\\Controller->callAction('store', Array)
#2 /opt/lampp/htdocs/2022A/apilaravel/vendor/laravel/framework/src/Illuminate/Routing/Route.php(261): Illuminate\\Routing\\ControllerDispatcher->dispatch(Object(Illuminate\\Routing\\Route), Object(App\\Http\\Controllers\\CarController), 'store')
#3 /opt/lampp/htdocs/2022A/apilaravel/vendor/laravel/framework/src/Illuminate/Routing/Route.php(204): Illuminate\\Routing\\Route->runController()
#4 /opt/lampp/htdocs/2022A/apilaravel/vendor/laravel/framework/src/Illuminate/Routing/Router.php(725): Illuminate\\Routing\\Route->run()
#5 /opt/lampp/htdocs/2022A/apilaravel/vendor/laravel/framework/src/Illuminate/Pipeline/Pipeline.php(128): Illuminate\\Routing\\Router->Illuminate\\Routing\\{closure}(Object(Illuminate\\Http\\Request))
#6 /opt/lampp/htdocs/2022A/apilaravel/vendor/laravel/framework/src/Illuminate/Routing/Middleware/SubstituteBindings.php(50): Illuminate\\Pipeline\\Pipeline->Illuminate\\Pipeline\\{closure}(Object(Illuminate\\Http\\Request))
#7 /opt/lampp/htdocs/2022A/apilaravel/vendor/laravel/framework/src/Illuminate/Pipeline/Pipeline.php(167): Illuminate\\Routing\\Middleware\\SubstituteBindings->handle(Object(Illuminate\\Http\\Request), Object(Closure))
#8 /opt/lampp/htdocs/2022A/apilaravel/vendor/laravel/framework/src/Illuminate/View/Middleware/ShareErrorsFromSession.php(49): Illuminate\\Pipeline\\Pipeline->Illuminate\\Pipeline\\{closure}(Object(Illuminate\\Http\\Request))
#9 /opt/lampp/htdocs/2022A/apilaravel/vendor/laravel/framework/src/Illuminate/Pipeline/Pipeline.php(167): Illuminate\\View\\Middleware\\ShareErrorsFromSession->handle(Object(Illuminate\\Http\\Request), Object(Closure))
#10 /opt/lampp/htdocs/2022A/apilaravel/vendor/laravel/framework/src/Illuminate/Session/Middleware/AuthenticateSession.php(39): Illuminate\\Pipeline\\Pipeline->Illuminate\\Pipeline\\{closure}(Object(Illuminate\\Http\\Request))
#11 /opt/lampp/htdocs/2022A/apilaravel/vendor/laravel/framework/src/Illuminate/Pipeline/Pipeline.php(167): Illuminate\\Session\\Middleware\\AuthenticateSession->handle(Object(Illuminate\\Http\\Request), Object(Closure))
#12 /opt/lampp/htdocs/2022A/apilaravel/vendor/laravel/framework/src/Illuminate/Session/Middleware/StartSession.php(121): Illuminate\\Pipeline\\Pipeline->Illuminate\\Pipeline\\{closure}(Object(Illuminate\\Http\\Request))
#13 /opt/lampp/htdocs/2022A/apilaravel/vendor/laravel/framework/src/Illuminate/Session/Middleware/StartSession.php(64): Illuminate\\Session\\Middleware\\StartSession->handleStatefulRequest(Object(Illuminate\\Http\\Request), Object(Illuminate\\Session\\Store), Object(Closure))
#14 /opt/lampp/htdocs/2022A/apilaravel/vendor/laravel/framework/src/Illuminate/Pipeline/Pipeline.php(167): Illuminate\\Session\\Middleware\\StartSession->handle(Object(Illuminate\\Http\\Request), Object(Closure))
#15 /opt/lampp/htdocs/2022A/apilaravel/vendor/laravel/framework/src/Illuminate/Cookie/Middleware/AddQueuedCookiesToResponse.php(37): Illuminate\\Pipeline\\Pipeline->Illuminate\\Pipeline\\{closure}(Object(Illuminate\\Http\\Request))
#16 /opt/lampp/htdocs/2022A/apilaravel/vendor/laravel/framework/src/Illuminate/Pipeline/Pipeline.php(167): Illuminate\\Cookie\\Middleware\\AddQueuedCookiesToResponse->handle(Object(Illuminate\\Http\\Request), Object(Closure))
#17 /opt/lampp/htdocs/2022A/apilaravel/vendor/laravel/framework/src/Illuminate/Cookie/Middleware/EncryptCookies.php(67): Illuminate\\Pipeline\\Pipeline->Illuminate\\Pipeline\\{closure}(Object(Illuminate\\Http\\Request))
#18 /opt/lampp/htdocs/2022A/apilaravel/vendor/laravel/framework/src/Illuminate/Pipeline/Pipeline.php(167): Illuminate\\Cookie\\Middleware\\EncryptCookies->handle(Object(Illuminate\\Http\\Request), Object(Closure))
#19 /opt/lampp/htdocs/2022A/apilaravel/vendor/laravel/framework/src/Illuminate/Pipeline/Pipeline.php(103): Illuminate\\Pipeline\\Pipeline->Illuminate\\Pipeline\\{closure}(Object(Illuminate\\Http\\Request))
#20 /opt/lampp/htdocs/2022A/apilaravel/vendor/laravel/framework/src/Illuminate/Routing/Router.php(727): Illuminate\\Pipeline\\Pipeline->then(Object(Closure))
#21 /opt/lampp/htdocs/2022A/apilaravel/vendor/laravel/framework/src/Illuminate/Routing/Router.php(702): Illuminate\\Routing\\Router->runRouteWithinStack(Object(Illuminate\\Routing\\Route), Object(Illuminate\\Http\\Request))
#22 /opt/lampp/htdocs/2022A/apilaravel/vendor/laravel/framework/src/Illuminate/Routing/Router.php(666): Illuminate\\Routing\\Router->runRoute(Object(Illuminate\\Http\\Request), Object(Illuminate\\Routing\\Route))
#23 /opt/lampp/htdocs/2022A/apilaravel/vendor/laravel/framework/src/Illuminate/Routing/Router.php(655): Illuminate\\Routing\\Router->dispatchToRoute(Object(Illuminate\\Http\\Request))
#24 /opt/lampp/htdocs/2022A/apilaravel/vendor/laravel/framework/src/Illuminate/Foundation/Http/Kernel.php(167): Illuminate\\Routing\\Router->dispatch(Object(Illuminate\\Http\\Request))
#25 /opt/lampp/htdocs/2022A/apilaravel/vendor/laravel/framework/src/Illuminate/Pipeline/Pipeline.php(128): Illuminate\\Foundation\\Http\\Kernel->Illuminate\\Foundation\\Http\\{closure}(Object(Illuminate\\Http\\Request))
#26 /opt/lampp/htdocs/2022A/apilaravel/vendor/livewire/livewire/src/DisableBrowserCache.php(19): Illuminate\\Pipeline\\Pipeline->Illuminate\\Pipeline\\{closure}(Object(Illuminate\\Http\\Request))
#27 /opt/lampp/htdocs/2022A/apilaravel/vendor/laravel/framework/src/Illuminate/Pipeline/Pipeline.php(167): Livewire\\DisableBrowserCache->handle(Object(Illuminate\\Http\\Request), Object(Closure))
#28 /opt/lampp/htdocs/2022A/apilaravel/vendor/laravel/framework/src/Illuminate/Foundation/Http/Middleware/TransformsRequest.php(21): Illuminate\\Pipeline\\Pipeline->Illuminate\\Pipeline\\{closure}(Object(Illuminate\\Http\\Request))
#29 /opt/lampp/htdocs/2022A/apilaravel/vendor/laravel/framework/src/Illuminate/Foundation/Http/Middleware/ConvertEmptyStringsToNull.php(31): Illuminate\\Foundation\\Http\\Middleware\\TransformsRequest->handle(Object(Illuminate\\Http\\Request), Object(Closure))
#30 /opt/lampp/htdocs/2022A/apilaravel/vendor/laravel/framework/src/Illuminate/Pipeline/Pipeline.php(167): Illuminate\\Foundation\\Http\\Middleware\\ConvertEmptyStringsToNull->handle(Object(Illuminate\\Http\\Request), Object(Closure))
#31 /opt/lampp/htdocs/2022A/apilaravel/vendor/laravel/framework/src/Illuminate/Foundation/Http/Middleware/TransformsRequest.php(21): Illuminate\\Pipeline\\Pipeline->Illuminate\\Pipeline\\{closure}(Object(Illuminate\\Http\\Request))
#32 /opt/lampp/htdocs/2022A/apilaravel/vendor/laravel/framework/src/Illuminate/Foundation/Http/Middleware/TrimStrings.php(40): Illuminate\\Foundation\\Http\\Middleware\\TransformsRequest->handle(Object(Illuminate\\Http\\Request), Object(Closure))
#33 /opt/lampp/htdocs/2022A/apilaravel/vendor/laravel/framework/src/Illuminate/Pipeline/Pipeline.php(167): Illuminate\\Foundation\\Http\\Middleware\\TrimStrings->handle(Object(Illuminate\\Http\\Request), Object(Closure))
#34 /opt/lampp/htdocs/2022A/apilaravel/vendor/laravel/framework/src/Illuminate/Foundation/Http/Middleware/ValidatePostSize.php(27): Illuminate\\Pipeline\\Pipeline->Illuminate\\Pipeline\\{closure}(Object(Illuminate\\Http\\Request))
#35 /opt/lampp/htdocs/2022A/apilaravel/vendor/laravel/framework/src/Illuminate/Pipeline/Pipeline.php(167): Illuminate\\Foundation\\Http\\Middleware\\ValidatePostSize->handle(Object(Illuminate\\Http\\Request), Object(Closure))
#36 /opt/lampp/htdocs/2022A/apilaravel/vendor/laravel/framework/src/Illuminate/Foundation/Http/Middleware/PreventRequestsDuringMaintenance.php(86): Illuminate\\Pipeline\\Pipeline->Illuminate\\Pipeline\\{closure}(Object(Illuminate\\Http\\Request))
#37 /opt/lampp/htdocs/2022A/apilaravel/vendor/laravel/framework/src/Illuminate/Pipeline/Pipeline.php(167): Illuminate\\Foundation\\Http\\Middleware\\PreventRequestsDuringMaintenance->handle(Object(Illuminate\\Http\\Request), Object(Closure))
#38 /opt/lampp/htdocs/2022A/apilaravel/vendor/fruitcake/laravel-cors/src/HandleCors.php(52): Illuminate\\Pipeline\\Pipeline->Illuminate\\Pipeline\\{closure}(Object(Illuminate\\Http\\Request))
#39 /opt/lampp/htdocs/2022A/apilaravel/vendor/laravel/framework/src/Illuminate/Pipeline/Pipeline.php(167): Fruitcake\\Cors\\HandleCors->handle(Object(Illuminate\\Http\\Request), Object(Closure))
#40 /opt/lampp/htdocs/2022A/apilaravel/vendor/laravel/framework/src/Illuminate/Http/Middleware/TrustProxies.php(39): Illuminate\\Pipeline\\Pipeline->Illuminate\\Pipeline\\{closure}(Object(Illuminate\\Http\\Request))
#41 /opt/lampp/htdocs/2022A/apilaravel/vendor/laravel/framework/src/Illuminate/Pipeline/Pipeline.php(167): Illuminate\\Http\\Middleware\\TrustProxies->handle(Object(Illuminate\\Http\\Request), Object(Closure))
#42 /opt/lampp/htdocs/2022A/apilaravel/vendor/laravel/framework/src/Illuminate/Pipeline/Pipeline.php(103): Illuminate\\Pipeline\\Pipeline->Illuminate\\Pipeline\\{closure}(Object(Illuminate\\Http\\Request))
#43 /opt/lampp/htdocs/2022A/apilaravel/vendor/laravel/framework/src/Illuminate/Foundation/Http/Kernel.php(142): Illuminate\\Pipeline\\Pipeline->then(Object(Closure))
#44 /opt/lampp/htdocs/2022A/apilaravel/vendor/laravel/framework/src/Illuminate/Foundation/Http/Kernel.php(111): Illuminate\\Foundation\\Http\\Kernel->sendRequestThroughRouter(Object(Illuminate\\Http\\Request))
#45 /opt/lampp/htdocs/2022A/apilaravel/public/index.php(52): Illuminate\\Foundation\\Http\\Kernel->handle(Object(Illuminate\\Http\\Request))
#46 {main}
"} 
